SF:lib/app/modules/login/login_controller.g.dart
DA:9,6
DA:10,4
DA:24,1
DA:26,2
DA:27,1
DA:30,1
DA:32,4
DA:33,1
DA:40,1
DA:42,2
DA:45,1
DA:47,2
DA:51,0
DA:54,0
DA:55,0
LF:15
LH:12
end_of_record
SF:lib/app/modules/login/login_controller.dart
DA:13,1
DA:15,2
LF:2
LH:2
end_of_record
SF:lib/app/modules/login/login_module.dart
DA:7,2
DA:8,2
DA:9,2
DA:12,0
DA:13,0
DA:14,0
DA:17,2
LF:7
LH:4
end_of_record
SF:lib/app/app_controller.dart
DA:13,1
DA:15,2
LF:2
LH:2
end_of_record
SF:lib/app/app_controller.g.dart
DA:9,3
DA:10,2
DA:24,1
DA:26,2
DA:27,1
DA:30,1
DA:32,4
DA:33,1
DA:40,1
DA:42,2
DA:45,1
DA:47,2
DA:51,0
DA:54,0
DA:55,0
LF:15
LH:12
end_of_record
SF:lib/app/app_module.dart
DA:14,1
DA:15,1
DA:16,1
DA:17,1
DA:20,0
DA:21,0
DA:22,0
DA:23,0
DA:24,0
DA:25,0
DA:28,0
DA:29,0
DA:31,2
LF:13
LH:5
end_of_record
SF:lib/app/app_widget.dart
DA:5,0
DA:7,0
DA:8,0
DA:10,0
LF:4
LH:0
end_of_record
SF:lib/app/modules/home/home_module.dart
DA:7,2
DA:8,2
DA:9,2
DA:12,0
DA:13,0
DA:14,0
DA:17,2
LF:7
LH:4
end_of_record
SF:lib/app/modules/pokemon/poke_module.dart
DA:8,0
DA:9,0
DA:10,0
DA:11,0
DA:14,0
DA:15,0
DA:16,0
LF:7
LH:0
end_of_record
SF:lib/app/pages/splash/splash_page.dart
DA:8,1
DA:9,1
DA:11,1
DA:12,1
DA:16,1
DA:18,1
DA:19,2
DA:20,0
DA:21,0
DA:24,1
DA:26,1
DA:27,1
DA:28,3
DA:30,2
LF:14
LH:12
end_of_record
SF:lib/app/modules/home/home_controller.g.dart
DA:9,6
DA:10,4
DA:24,1
DA:26,2
DA:27,1
DA:30,1
DA:32,4
DA:33,1
DA:40,1
DA:42,2
DA:45,1
DA:47,2
DA:51,0
DA:54,0
DA:55,0
LF:15
LH:12
end_of_record
SF:lib/app/modules/home/home_controller.dart
DA:13,1
DA:15,2
LF:2
LH:2
end_of_record
SF:lib/app/modules/home/home_page.dart
DA:7,2
DA:9,1
DA:10,1
DA:16,1
DA:18,1
DA:19,1
DA:20,3
DA:22,1
DA:23,1
DA:25,1
DA:26,1
DA:27,0
LF:12
LH:11
end_of_record
SF:lib/app/modules/login/login_page.dart
DA:7,2
DA:9,1
DA:10,1
DA:16,1
DA:18,1
DA:19,1
DA:20,3
DA:22,1
DA:23,1
LF:9
LH:9
end_of_record
SF:lib/app/modules/pokemon/poke_controller.g.dart
DA:14,0
DA:16,0
DA:17,0
DA:20,0
DA:22,0
DA:23,0
DA:29,0
DA:32,0
DA:34,0
DA:36,0
DA:40,0
DA:43,0
DA:44,0
LF:13
LH:0
end_of_record
SF:lib/app/modules/pokemon/poke_controller.dart
DA:15,0
DA:16,0
DA:19,0
DA:21,0
LF:4
LH:0
end_of_record
SF:lib/app/modules/pokemon/poke_model.dart
DA:4,0
LF:1
LH:0
end_of_record
SF:lib/app/modules/pokemon/poke_repository.dart
DA:7,0
DA:9,0
DA:10,0
DA:11,0
DA:12,0
DA:13,0
DA:14,0
LF:7
LH:0
end_of_record
SF:lib/app/modules/pokemon/poke_page.dart
DA:7,0
DA:8,0
DA:14,0
DA:16,0
DA:17,0
DA:18,0
DA:19,0
DA:20,0
DA:21,0
DA:22,0
DA:23,0
DA:28,0
DA:30,0
DA:33,0
DA:34,0
DA:35,0
DA:36,0
DA:37,0
DA:41,0
DA:42,0
DA:43,0
LF:21
LH:0
end_of_record
